<?xml version="1.0" encoding="UTF-8"?>
<robot generator="Robot 3.2.2 (Python 3.9.1 on win32)" generated="20210109 14:02:12.509" rpa="false">
<suite id="s1" name="Flipkart test" source="D:\PythonProjects\BrowserStack\Test\Flipkart_test.robot">
<test id="s1-t1" name="Flipkart Search Test">
<kw name="Setup of test" type="setup">
<kw name="Open Browser" library="SeleniumLibrary">
<doc>Opens a new browser instance to the optional ``url``.</doc>
<arguments>
<arg>${URL}</arg>
<arg>chrome</arg>
</arguments>
<msg timestamp="20210109 14:02:12.697" level="INFO">Opening browser 'chrome' to base url 'https://flipkart.com'.</msg>
<status status="PASS" starttime="20210109 14:02:12.697" endtime="20210109 14:02:18.680"></status>
</kw>
<kw name="Maximize Browser Window" library="SeleniumLibrary">
<doc>Maximizes current browser window.</doc>
<status status="PASS" starttime="20210109 14:02:18.680" endtime="20210109 14:02:20.864"></status>
</kw>
<status status="PASS" starttime="20210109 14:02:12.697" endtime="20210109 14:02:20.864"></status>
</kw>
<kw name="Set Selenium Speed" library="SeleniumLibrary">
<doc>Sets the delay that is waited after each Selenium command.</doc>
<arguments>
<arg>1s</arg>
</arguments>
<status status="PASS" starttime="20210109 14:02:20.864" endtime="20210109 14:02:20.864"></status>
</kw>
<kw name="Click Element" library="SeleniumLibrary">
<doc>Click the element identified by ``locator``.</doc>
<arguments>
<arg>xpath://button[@class='_2KpZ6l _2doB4z']</arg>
</arguments>
<msg timestamp="20210109 14:02:20.864" level="INFO">Clicking element 'xpath://button[@class='_2KpZ6l _2doB4z']'.</msg>
<status status="PASS" starttime="20210109 14:02:20.864" endtime="20210109 14:02:22.968"></status>
</kw>
<kw name="Click Element" library="SeleniumLibrary">
<doc>Click the element identified by ``locator``.</doc>
<arguments>
<arg>xpath://input[@name='q']</arg>
</arguments>
<msg timestamp="20210109 14:02:22.968" level="INFO">Clicking element 'xpath://input[@name='q']'.</msg>
<status status="PASS" starttime="20210109 14:02:22.968" endtime="20210109 14:02:25.031"></status>
</kw>
<kw name="Press Keys" library="SeleniumLibrary">
<doc>Simulates the user pressing key(s) to an element or on the active browser.</doc>
<arguments>
<arg>xpath://input[@name='q']</arg>
<arg>Samsung Galaxy S10</arg>
<arg>RETURN</arg>
</arguments>
<msg timestamp="20210109 14:02:25.033" level="INFO">Sending key(s) ('Samsung Galaxy S10', 'RETURN') to xpath://input[@name='q'] element.</msg>
<msg timestamp="20210109 14:02:27.343" level="INFO">Sending keys Samsung Galaxy S10</msg>
<msg timestamp="20210109 14:02:28.474" level="INFO">Pressing special key RETURN to element.</msg>
<msg timestamp="20210109 14:02:28.474" level="INFO">Releasing special key RETURN.</msg>
<status status="PASS" starttime="20210109 14:02:25.032" endtime="20210109 14:02:29.494"></status>
</kw>
<kw name="Wait Until Page Contains Element" library="SeleniumLibrary">
<doc>Waits until the element ``locator`` appears on the current page.</doc>
<arguments>
<arg>//a[@title='Mobiles']</arg>
</arguments>
<status status="PASS" starttime="20210109 14:02:29.494" endtime="20210109 14:02:30.513"></status>
</kw>
<kw name="Click Element" library="SeleniumLibrary">
<doc>Click the element identified by ``locator``.</doc>
<arguments>
<arg>//a[@title='Mobiles']</arg>
</arguments>
<msg timestamp="20210109 14:02:30.513" level="INFO">Clicking element '//a[@title='Mobiles']'.</msg>
<status status="PASS" starttime="20210109 14:02:30.513" endtime="20210109 14:02:32.637"></status>
</kw>
<kw name="Click Element" library="SeleniumLibrary">
<doc>Click the element identified by ``locator``.</doc>
<arguments>
<arg>xpath://section[5]//div[@class='_24_Dny']</arg>
</arguments>
<msg timestamp="20210109 14:02:32.637" level="INFO">Clicking element 'xpath://section[5]//div[@class='_24_Dny']'.</msg>
<status status="PASS" starttime="20210109 14:02:32.637" endtime="20210109 14:02:34.752"></status>
</kw>
<kw name="Click Element" library="SeleniumLibrary">
<doc>Click the element identified by ``locator``.</doc>
<arguments>
<arg>//div[@class='_24_Dny _3tCU7L']</arg>
</arguments>
<msg timestamp="20210109 14:02:34.752" level="INFO">Clicking element '//div[@class='_24_Dny _3tCU7L']'.</msg>
<status status="PASS" starttime="20210109 14:02:34.752" endtime="20210109 14:02:36.872"></status>
</kw>
<kw name="Click Element" library="SeleniumLibrary">
<doc>Click the element identified by ``locator``.</doc>
<arguments>
<arg>xpath://div[.='Price -- High to Low']</arg>
</arguments>
<msg timestamp="20210109 14:02:36.872" level="INFO">Clicking element 'xpath://div[.='Price -- High to Low']'.</msg>
<status status="PASS" starttime="20210109 14:02:36.872" endtime="20210109 14:02:38.979"></status>
</kw>
<kw name="Get WebElements" library="SeleniumLibrary">
<doc>Returns a list of WebElement objects matching the ``locator``.</doc>
<arguments>
<arg>//div[@class='_4rR01T']</arg>
</arguments>
<assign>
<var>@{nameResults_onPage}</var>
</assign>
<msg timestamp="20210109 14:02:39.994" level="INFO">@{nameResults_onPage} = [ &lt;selenium.webdriver.remote.webelement.WebElement (session="9e394d30b0cba25bbed58a63aae46000", element="a195b4dd-c845-4ff6-bf0b-26d316afbea9")&gt; | &lt;selenium.webdriver.remote.webelement.WebElement (ses...</msg>
<status status="PASS" starttime="20210109 14:02:38.979" endtime="20210109 14:02:39.994"></status>
</kw>
<kw name="Get WebElements" library="SeleniumLibrary">
<doc>Returns a list of WebElement objects matching the ``locator``.</doc>
<arguments>
<arg>//div[@class='_30jeq3 _1_WHN1']</arg>
</arguments>
<assign>
<var>@{priceResults_onPage}</var>
</assign>
<msg timestamp="20210109 14:02:41.010" level="INFO">@{priceResults_onPage} = [ &lt;selenium.webdriver.remote.webelement.WebElement (session="9e394d30b0cba25bbed58a63aae46000", element="5ca034fb-7a58-446e-99a2-f85628332692")&gt; | &lt;selenium.webdriver.remote.webelement.WebElement (ses...</msg>
<status status="PASS" starttime="20210109 14:02:39.994" endtime="20210109 14:02:41.010"></status>
</kw>
<kw name="Get WebElements" library="SeleniumLibrary">
<doc>Returns a list of WebElement objects matching the ``locator``.</doc>
<arguments>
<arg>//a[@class='_1fQZEK']</arg>
</arguments>
<assign>
<var>@{linkResults_onPage}</var>
</assign>
<msg timestamp="20210109 14:02:42.029" level="INFO">@{linkResults_onPage} = [ &lt;selenium.webdriver.remote.webelement.WebElement (session="9e394d30b0cba25bbed58a63aae46000", element="cfac3949-ec95-4e15-add6-14b0661911fb")&gt; | &lt;selenium.webdriver.remote.webelement.WebElement (ses...</msg>
<status status="PASS" starttime="20210109 14:02:41.010" endtime="20210109 14:02:42.029"></status>
</kw>
<kw name="Get Element Count" library="SeleniumLibrary">
<doc>Returns the number of elements matching ``locator``.</doc>
<arguments>
<arg>//div[@class='_4rR01T']</arg>
</arguments>
<assign>
<var>${numofname}</var>
</assign>
<msg timestamp="20210109 14:02:43.044" level="INFO">${numofname} = 24</msg>
<status status="PASS" starttime="20210109 14:02:42.029" endtime="20210109 14:02:43.044"></status>
</kw>
<kw name="Get Element Count" library="SeleniumLibrary">
<doc>Returns the number of elements matching ``locator``.</doc>
<arguments>
<arg>//div[@class='_30jeq3 _1_WHN1']</arg>
</arguments>
<assign>
<var>${numofprice}</var>
</assign>
<msg timestamp="20210109 14:02:44.071" level="INFO">${numofprice} = 24</msg>
<status status="PASS" starttime="20210109 14:02:43.044" endtime="20210109 14:02:44.071"></status>
</kw>
<kw name="Get Element Count" library="SeleniumLibrary">
<doc>Returns the number of elements matching ``locator``.</doc>
<arguments>
<arg>//a[@class='_1fQZEK']</arg>
</arguments>
<assign>
<var>${numoflink}</var>
</assign>
<msg timestamp="20210109 14:02:45.101" level="INFO">${numoflink} = 24</msg>
<status status="PASS" starttime="20210109 14:02:44.071" endtime="20210109 14:02:45.101"></status>
</kw>
<kw name="${F} IN RANGE [ 1 | ${numoflink}+1 ]" type="for">
<kw name="${F} = 1" type="foritem">
<kw name="Get Text" library="SeleniumLibrary">
<doc>Returns the text value of the element identified by ``locator``.</doc>
<arguments>
<arg>(//div[@class='_4rR01T'])[${F}]</arg>
</arguments>
<assign>
<var>${name_text}</var>
</assign>
<msg timestamp="20210109 14:02:47.148" level="INFO">${name_text} = Samsung Galaxy S10 (Prism White, 512 GB)</msg>
<status status="PASS" starttime="20210109 14:02:45.101" endtime="20210109 14:02:47.148"></status>
</kw>
<kw name="Get Text" library="SeleniumLibrary">
<doc>Returns the text value of the element identified by ``locator``.</doc>
<arguments>
<arg>(//div[@class='_30jeq3 _1_WHN1'])[${F}]</arg>
</arguments>
<assign>
<var>${price_text}</var>
</assign>
<msg timestamp="20210109 14:02:49.178" level="INFO">${price_text} = ₹92,000</msg>
<status status="PASS" starttime="20210109 14:02:47.148" endtime="20210109 14:02:49.178"></status>
</kw>
<kw name="Get Text" library="SeleniumLibrary">
<doc>Returns the text value of the element identified by ``locator``.</doc>
<arguments>
<arg>(//a[@class='_1fQZEK'])[${F}]</arg>
</arguments>
<assign>
<var>${link_text}</var>
</assign>
<msg timestamp="20210109 14:02:51.241" level="INFO">${link_text} = Add to Compare
Samsung Galaxy S10 (Prism White, 512 GB)
4.61,783 Ratings &amp; 185 Reviews
8 GB RAM | 512 GB ROM | Expandable Upto 512 GB
15.49 cm (6.1 inch) Quad HD+ Display
16MP + 12MP | 10MP Front Came...</msg>
<status status="PASS" starttime="20210109 14:02:49.178" endtime="20210109 14:02:51.241"></status>
</kw>
<kw name="Log To Console" library="BuiltIn">
<doc>Logs the given message to the console.</doc>
<arguments>
<arg>Product name-${name_text} Price of Product-${price_text} LinkText-${link_text}</arg>
</arguments>
<status status="PASS" starttime="20210109 14:02:51.241" endtime="20210109 14:02:51.256"></status>
</kw>
<status status="PASS" starttime="20210109 14:02:45.101" endtime="20210109 14:02:51.256"></status>
</kw>
<kw name="${F} = 2" type="foritem">
<kw name="Get Text" library="SeleniumLibrary">
<doc>Returns the text value of the element identified by ``locator``.</doc>
<arguments>
<arg>(//div[@class='_4rR01T'])[${F}]</arg>
</arguments>
<assign>
<var>${name_text}</var>
</assign>
<msg timestamp="20210109 14:02:53.302" level="INFO">${name_text} = Samsung Galaxy S20 Ultra (Cosmic Gray, 128 GB)</msg>
<status status="PASS" starttime="20210109 14:02:51.256" endtime="20210109 14:02:53.302"></status>
</kw>
<kw name="Get Text" library="SeleniumLibrary">
<doc>Returns the text value of the element identified by ``locator``.</doc>
<arguments>
<arg>(//div[@class='_30jeq3 _1_WHN1'])[${F}]</arg>
</arguments>
<assign>
<var>${price_text}</var>
</assign>
<msg timestamp="20210109 14:02:55.319" level="INFO">${price_text} = ₹86,999</msg>
<status status="PASS" starttime="20210109 14:02:53.302" endtime="20210109 14:02:55.319"></status>
</kw>
<kw name="Get Text" library="SeleniumLibrary">
<doc>Returns the text value of the element identified by ``locator``.</doc>
<arguments>
<arg>(//a[@class='_1fQZEK'])[${F}]</arg>
</arguments>
<assign>
<var>${link_text}</var>
</assign>
<msg timestamp="20210109 14:02:57.398" level="INFO">${link_text} = Add to Compare
Samsung Galaxy S20 Ultra (Cosmic Gray, 128 GB)
4.291 Ratings &amp; 17 Reviews
12 GB RAM | 128 GB ROM | Expandable Upto 1 TB
17.53 cm (6.9 inch) Quad HD+ Display
108 MP + 48 MP + 12 MP + VGA...</msg>
<status status="PASS" starttime="20210109 14:02:55.319" endtime="20210109 14:02:57.398"></status>
</kw>
<kw name="Log To Console" library="BuiltIn">
<doc>Logs the given message to the console.</doc>
<arguments>
<arg>Product name-${name_text} Price of Product-${price_text} LinkText-${link_text}</arg>
</arguments>
<status status="PASS" starttime="20210109 14:02:57.398" endtime="20210109 14:02:57.398"></status>
</kw>
<status status="PASS" starttime="20210109 14:02:51.256" endtime="20210109 14:02:57.398"></status>
</kw>
<kw name="${F} = 3" type="foritem">
<kw name="Get Text" library="SeleniumLibrary">
<doc>Returns the text value of the element identified by ``locator``.</doc>
<arguments>
<arg>(//div[@class='_4rR01T'])[${F}]</arg>
</arguments>
<assign>
<var>${name_text}</var>
</assign>
<msg timestamp="20210109 14:02:59.453" level="INFO">${name_text} = Samsung Galaxy S20 (Cloud Blue, 128 GB)</msg>
<status status="PASS" starttime="20210109 14:02:57.398" endtime="20210109 14:02:59.453"></status>
</kw>
<kw name="Get Text" library="SeleniumLibrary">
<doc>Returns the text value of the element identified by ``locator``.</doc>
<arguments>
<arg>(//div[@class='_30jeq3 _1_WHN1'])[${F}]</arg>
</arguments>
<assign>
<var>${price_text}</var>
</assign>
<msg timestamp="20210109 14:03:01.485" level="INFO">${price_text} = ₹74,000</msg>
<status status="PASS" starttime="20210109 14:02:59.453" endtime="20210109 14:03:01.485"></status>
</kw>
<kw name="Get Text" library="SeleniumLibrary">
<doc>Returns the text value of the element identified by ``locator``.</doc>
<arguments>
<arg>(//a[@class='_1fQZEK'])[${F}]</arg>
</arguments>
<assign>
<var>${link_text}</var>
</assign>
<msg timestamp="20210109 14:03:03.547" level="INFO">${link_text} = Add to Compare
Samsung Galaxy S20 (Cloud Blue, 128 GB)
4.3237 Ratings &amp; 48 Reviews
8 GB RAM | 128 GB ROM | Expandable Upto 1 TB
15.75 cm (6.2 inch) Quad HD+ Display
64MP + 12MP + 12MP | 10MP Front Cam...</msg>
<status status="PASS" starttime="20210109 14:03:01.485" endtime="20210109 14:03:03.547"></status>
</kw>
<kw name="Log To Console" library="BuiltIn">
<doc>Logs the given message to the console.</doc>
<arguments>
<arg>Product name-${name_text} Price of Product-${price_text} LinkText-${link_text}</arg>
</arguments>
<status status="PASS" starttime="20210109 14:03:03.547" endtime="20210109 14:03:03.547"></status>
</kw>
<status status="PASS" starttime="20210109 14:02:57.398" endtime="20210109 14:03:03.547"></status>
</kw>
<kw name="${F} = 4" type="foritem">
<kw name="Get Text" library="SeleniumLibrary">
<doc>Returns the text value of the element identified by ``locator``.</doc>
<arguments>
<arg>(//div[@class='_4rR01T'])[${F}]</arg>
</arguments>
<assign>
<var>${name_text}</var>
</assign>
<msg timestamp="20210109 14:03:05.588" level="INFO">${name_text} = Samsung Galaxy S10 (Prism Blue, 128 GB)</msg>
<status status="PASS" starttime="20210109 14:03:03.547" endtime="20210109 14:03:05.588"></status>
</kw>
<kw name="Get Text" library="SeleniumLibrary">
<doc>Returns the text value of the element identified by ``locator``.</doc>
<arguments>
<arg>(//div[@class='_30jeq3 _1_WHN1'])[${F}]</arg>
</arguments>
<assign>
<var>${price_text}</var>
</assign>
<msg timestamp="20210109 14:03:07.590" level="INFO">${price_text} = ₹71,000</msg>
<status status="PASS" starttime="20210109 14:03:05.588" endtime="20210109 14:03:07.590"></status>
</kw>
<kw name="Get Text" library="SeleniumLibrary">
<doc>Returns the text value of the element identified by ``locator``.</doc>
<arguments>
<arg>(//a[@class='_1fQZEK'])[${F}]</arg>
</arguments>
<assign>
<var>${link_text}</var>
</assign>
<msg timestamp="20210109 14:03:09.683" level="INFO">${link_text} = Add to Compare
Samsung Galaxy S10 (Prism Blue, 128 GB)
4.61,783 Ratings &amp; 185 Reviews
8 GB RAM | 128 GB ROM | Expandable Upto 512 GB
15.49 cm (6.1 inch) Quad HD+ Display
16MP + 12MP | 10MP Front Camer...</msg>
<status status="PASS" starttime="20210109 14:03:07.590" endtime="20210109 14:03:09.683"></status>
</kw>
<kw name="Log To Console" library="BuiltIn">
<doc>Logs the given message to the console.</doc>
<arguments>
<arg>Product name-${name_text} Price of Product-${price_text} LinkText-${link_text}</arg>
</arguments>
<status status="PASS" starttime="20210109 14:03:09.683" endtime="20210109 14:03:09.683"></status>
</kw>
<status status="PASS" starttime="20210109 14:03:03.547" endtime="20210109 14:03:09.683"></status>
</kw>
<kw name="${F} = 5" type="foritem">
<kw name="Get Text" library="SeleniumLibrary">
<doc>Returns the text value of the element identified by ``locator``.</doc>
<arguments>
<arg>(//div[@class='_4rR01T'])[${F}]</arg>
</arguments>
<assign>
<var>${name_text}</var>
</assign>
<msg timestamp="20210109 14:03:11.730" level="INFO">${name_text} = Samsung Galaxy S20+ (Cosmic Gray, 128 GB)</msg>
<status status="PASS" starttime="20210109 14:03:09.683" endtime="20210109 14:03:11.730"></status>
</kw>
<kw name="Get Text" library="SeleniumLibrary">
<doc>Returns the text value of the element identified by ``locator``.</doc>
<arguments>
<arg>(//div[@class='_30jeq3 _1_WHN1'])[${F}]</arg>
</arguments>
<assign>
<var>${price_text}</var>
</assign>
<msg timestamp="20210109 14:03:13.784" level="INFO">${price_text} = ₹54,999</msg>
<status status="PASS" starttime="20210109 14:03:11.730" endtime="20210109 14:03:13.784"></status>
</kw>
<kw name="Get Text" library="SeleniumLibrary">
<doc>Returns the text value of the element identified by ``locator``.</doc>
<arguments>
<arg>(//a[@class='_1fQZEK'])[${F}]</arg>
</arguments>
<assign>
<var>${link_text}</var>
</assign>
<msg timestamp="20210109 14:03:15.870" level="INFO">${link_text} = Add to Compare
Samsung Galaxy S20+ (Cosmic Gray, 128 GB)
4.414,289 Ratings &amp; 2,381 Reviews
8 GB RAM | 128 GB ROM | Expandable Upto 1 TB
17.02 cm (6.7 inch) Quad HD+ Display
64 MP + 12 MP +12 MP + VGA ...</msg>
<status status="PASS" starttime="20210109 14:03:13.784" endtime="20210109 14:03:15.870"></status>
</kw>
<kw name="Log To Console" library="BuiltIn">
<doc>Logs the given message to the console.</doc>
<arguments>
<arg>Product name-${name_text} Price of Product-${price_text} LinkText-${link_text}</arg>
</arguments>
<status status="PASS" starttime="20210109 14:03:15.870" endtime="20210109 14:03:15.870"></status>
</kw>
<status status="PASS" starttime="20210109 14:03:09.683" endtime="20210109 14:03:15.870"></status>
</kw>
<kw name="${F} = 6" type="foritem">
<kw name="Get Text" library="SeleniumLibrary">
<doc>Returns the text value of the element identified by ``locator``.</doc>
<arguments>
<arg>(//div[@class='_4rR01T'])[${F}]</arg>
</arguments>
<assign>
<var>${name_text}</var>
</assign>
<msg timestamp="20210109 14:03:17.901" level="INFO">${name_text} = Samsung Galaxy S8 Plus (Coral Blue, 64 GB)</msg>
<status status="PASS" starttime="20210109 14:03:15.870" endtime="20210109 14:03:17.901"></status>
</kw>
<kw name="Get Text" library="SeleniumLibrary">
<doc>Returns the text value of the element identified by ``locator``.</doc>
<arguments>
<arg>(//div[@class='_30jeq3 _1_WHN1'])[${F}]</arg>
</arguments>
<assign>
<var>${price_text}</var>
</assign>
<msg timestamp="20210109 14:03:19.947" level="INFO">${price_text} = ₹53,990</msg>
<status status="PASS" starttime="20210109 14:03:17.901" endtime="20210109 14:03:19.947"></status>
</kw>
<kw name="Get Text" library="SeleniumLibrary">
<doc>Returns the text value of the element identified by ``locator``.</doc>
<arguments>
<arg>(//a[@class='_1fQZEK'])[${F}]</arg>
</arguments>
<assign>
<var>${link_text}</var>
</assign>
<msg timestamp="20210109 14:03:21.993" level="INFO">${link_text} = Add to Compare
Samsung Galaxy S8 Plus (Coral Blue, 64 GB)
4.62,005 Ratings &amp; 338 Reviews
4 GB RAM | 64 GB ROM | Expandable Upto 256 GB
15.75 cm (6.2 inch) Quad HD+ Display
12MP Rear Camera | 8MP Front...</msg>
<status status="PASS" starttime="20210109 14:03:19.947" endtime="20210109 14:03:21.993"></status>
</kw>
<kw name="Log To Console" library="BuiltIn">
<doc>Logs the given message to the console.</doc>
<arguments>
<arg>Product name-${name_text} Price of Product-${price_text} LinkText-${link_text}</arg>
</arguments>
<status status="PASS" starttime="20210109 14:03:21.993" endtime="20210109 14:03:21.993"></status>
</kw>
<status status="PASS" starttime="20210109 14:03:15.870" endtime="20210109 14:03:21.993"></status>
</kw>
<kw name="${F} = 7" type="foritem">
<kw name="Get Text" library="SeleniumLibrary">
<doc>Returns the text value of the element identified by ``locator``.</doc>
<arguments>
<arg>(//div[@class='_4rR01T'])[${F}]</arg>
</arguments>
<assign>
<var>${name_text}</var>
</assign>
<msg timestamp="20210109 14:03:24.040" level="INFO">${name_text} = Samsung Galaxy S8 Plus (Midnight Black, 64 GB)</msg>
<status status="PASS" starttime="20210109 14:03:21.993" endtime="20210109 14:03:24.040"></status>
</kw>
<kw name="Get Text" library="SeleniumLibrary">
<doc>Returns the text value of the element identified by ``locator``.</doc>
<arguments>
<arg>(//div[@class='_30jeq3 _1_WHN1'])[${F}]</arg>
</arguments>
<assign>
<var>${price_text}</var>
</assign>
<msg timestamp="20210109 14:03:26.076" level="INFO">${price_text} = ₹53,990</msg>
<status status="PASS" starttime="20210109 14:03:24.040" endtime="20210109 14:03:26.076"></status>
</kw>
<kw name="Get Text" library="SeleniumLibrary">
<doc>Returns the text value of the element identified by ``locator``.</doc>
<arguments>
<arg>(//a[@class='_1fQZEK'])[${F}]</arg>
</arguments>
<assign>
<var>${link_text}</var>
</assign>
<msg timestamp="20210109 14:03:28.153" level="INFO">${link_text} = Add to Compare
Samsung Galaxy S8 Plus (Midnight Black, 64 GB)
4.62,005 Ratings &amp; 338 Reviews
4 GB RAM | 64 GB ROM | Expandable Upto 256 GB
15.75 cm (6.2 inch) Quad HD+ Display
12MP Rear Camera | 8MP F...</msg>
<status status="PASS" starttime="20210109 14:03:26.076" endtime="20210109 14:03:28.153"></status>
</kw>
<kw name="Log To Console" library="BuiltIn">
<doc>Logs the given message to the console.</doc>
<arguments>
<arg>Product name-${name_text} Price of Product-${price_text} LinkText-${link_text}</arg>
</arguments>
<status status="PASS" starttime="20210109 14:03:28.153" endtime="20210109 14:03:28.153"></status>
</kw>
<status status="PASS" starttime="20210109 14:03:21.993" endtime="20210109 14:03:28.153"></status>
</kw>
<kw name="${F} = 8" type="foritem">
<kw name="Get Text" library="SeleniumLibrary">
<doc>Returns the text value of the element identified by ``locator``.</doc>
<arguments>
<arg>(//div[@class='_4rR01T'])[${F}]</arg>
</arguments>
<assign>
<var>${name_text}</var>
</assign>
<msg timestamp="20210109 14:03:30.200" level="INFO">${name_text} = Samsung Galaxy S8 Plus (Maple Gold, 64 GB)</msg>
<status status="PASS" starttime="20210109 14:03:28.153" endtime="20210109 14:03:30.200"></status>
</kw>
<kw name="Get Text" library="SeleniumLibrary">
<doc>Returns the text value of the element identified by ``locator``.</doc>
<arguments>
<arg>(//div[@class='_30jeq3 _1_WHN1'])[${F}]</arg>
</arguments>
<assign>
<var>${price_text}</var>
</assign>
<msg timestamp="20210109 14:03:32.246" level="INFO">${price_text} = ₹53,990</msg>
<status status="PASS" starttime="20210109 14:03:30.200" endtime="20210109 14:03:32.246"></status>
</kw>
<kw name="Get Text" library="SeleniumLibrary">
<doc>Returns the text value of the element identified by ``locator``.</doc>
<arguments>
<arg>(//a[@class='_1fQZEK'])[${F}]</arg>
</arguments>
<assign>
<var>${link_text}</var>
</assign>
<msg timestamp="20210109 14:03:34.309" level="INFO">${link_text} = Add to Compare
Samsung Galaxy S8 Plus (Maple Gold, 64 GB)
4.62,005 Ratings &amp; 338 Reviews
4 GB RAM | 64 GB ROM | Expandable Upto 256 GB
15.75 cm (6.2 inch) Quad HD+ Display
12MP Rear Camera | 8MP Front...</msg>
<status status="PASS" starttime="20210109 14:03:32.246" endtime="20210109 14:03:34.309"></status>
</kw>
<kw name="Log To Console" library="BuiltIn">
<doc>Logs the given message to the console.</doc>
<arguments>
<arg>Product name-${name_text} Price of Product-${price_text} LinkText-${link_text}</arg>
</arguments>
<status status="PASS" starttime="20210109 14:03:34.309" endtime="20210109 14:03:34.309"></status>
</kw>
<status status="PASS" starttime="20210109 14:03:28.153" endtime="20210109 14:03:34.309"></status>
</kw>
<kw name="${F} = 9" type="foritem">
<kw name="Get Text" library="SeleniumLibrary">
<doc>Returns the text value of the element identified by ``locator``.</doc>
<arguments>
<arg>(//div[@class='_4rR01T'])[${F}]</arg>
</arguments>
<assign>
<var>${name_text}</var>
</assign>
<msg timestamp="20210109 14:03:36.356" level="INFO">${name_text} = Samsung Galaxy S8 Plus (Orchid Grey, 64 GB)</msg>
<status status="PASS" starttime="20210109 14:03:34.309" endtime="20210109 14:03:36.356"></status>
</kw>
<kw name="Get Text" library="SeleniumLibrary">
<doc>Returns the text value of the element identified by ``locator``.</doc>
<arguments>
<arg>(//div[@class='_30jeq3 _1_WHN1'])[${F}]</arg>
</arguments>
<assign>
<var>${price_text}</var>
</assign>
<msg timestamp="20210109 14:03:38.416" level="INFO">${price_text} = ₹53,990</msg>
<status status="PASS" starttime="20210109 14:03:36.356" endtime="20210109 14:03:38.416"></status>
</kw>
<kw name="Get Text" library="SeleniumLibrary">
<doc>Returns the text value of the element identified by ``locator``.</doc>
<arguments>
<arg>(//a[@class='_1fQZEK'])[${F}]</arg>
</arguments>
<assign>
<var>${link_text}</var>
</assign>
<msg timestamp="20210109 14:03:40.509" level="INFO">${link_text} = Add to Compare
Samsung Galaxy S8 Plus (Orchid Grey, 64 GB)
4.62,005 Ratings &amp; 338 Reviews
4 GB RAM | 64 GB ROM | Expandable Upto 256 GB
15.75 cm (6.2 inch) Quad HD+ Display
12MP Rear Camera | 8MP Fron...</msg>
<status status="PASS" starttime="20210109 14:03:38.416" endtime="20210109 14:03:40.509"></status>
</kw>
<kw name="Log To Console" library="BuiltIn">
<doc>Logs the given message to the console.</doc>
<arguments>
<arg>Product name-${name_text} Price of Product-${price_text} LinkText-${link_text}</arg>
</arguments>
<status status="PASS" starttime="20210109 14:03:40.509" endtime="20210109 14:03:40.509"></status>
</kw>
<status status="PASS" starttime="20210109 14:03:34.309" endtime="20210109 14:03:40.509"></status>
</kw>
<kw name="${F} = 10" type="foritem">
<kw name="Get Text" library="SeleniumLibrary">
<doc>Returns the text value of the element identified by ``locator``.</doc>
<arguments>
<arg>(//div[@class='_4rR01T'])[${F}]</arg>
</arguments>
<assign>
<var>${name_text}</var>
</assign>
<msg timestamp="20210109 14:03:42.588" level="INFO">${name_text} = Samsung Galaxy S20 (Cosmic Gray, 128 GB)</msg>
<status status="PASS" starttime="20210109 14:03:40.509" endtime="20210109 14:03:42.588"></status>
</kw>
<kw name="Get Text" library="SeleniumLibrary">
<doc>Returns the text value of the element identified by ``locator``.</doc>
<arguments>
<arg>(//div[@class='_30jeq3 _1_WHN1'])[${F}]</arg>
</arguments>
<assign>
<var>${price_text}</var>
</assign>
<msg timestamp="20210109 14:03:44.634" level="INFO">${price_text} = ₹52,905</msg>
<status status="PASS" starttime="20210109 14:03:42.588" endtime="20210109 14:03:44.634"></status>
</kw>
<kw name="Get Text" library="SeleniumLibrary">
<doc>Returns the text value of the element identified by ``locator``.</doc>
<arguments>
<arg>(//a[@class='_1fQZEK'])[${F}]</arg>
</arguments>
<assign>
<var>${link_text}</var>
</assign>
<msg timestamp="20210109 14:03:46.727" level="INFO">${link_text} = Add to Compare
Samsung Galaxy S20 (Cosmic Gray, 128 GB)
4.3237 Ratings &amp; 48 Reviews
8 GB RAM | 128 GB ROM | Expandable Upto 1 TB
15.75 cm (6.2 inch) Quad HD+ Display
64MP + 12MP + 12MP | 10MP Front Ca...</msg>
<status status="PASS" starttime="20210109 14:03:44.634" endtime="20210109 14:03:46.727"></status>
</kw>
<kw name="Log To Console" library="BuiltIn">
<doc>Logs the given message to the console.</doc>
<arguments>
<arg>Product name-${name_text} Price of Product-${price_text} LinkText-${link_text}</arg>
</arguments>
<status status="PASS" starttime="20210109 14:03:46.727" endtime="20210109 14:03:46.727"></status>
</kw>
<status status="PASS" starttime="20210109 14:03:40.509" endtime="20210109 14:03:46.727"></status>
</kw>
<kw name="${F} = 11" type="foritem">
<kw name="Get Text" library="SeleniumLibrary">
<doc>Returns the text value of the element identified by ``locator``.</doc>
<arguments>
<arg>(//div[@class='_4rR01T'])[${F}]</arg>
</arguments>
<assign>
<var>${name_text}</var>
</assign>
<msg timestamp="20210109 14:03:48.758" level="INFO">${name_text} = Samsung Galaxy S20 FE (Cloud Navy, 128 GB)</msg>
<status status="PASS" starttime="20210109 14:03:46.727" endtime="20210109 14:03:48.758"></status>
</kw>
<kw name="Get Text" library="SeleniumLibrary">
<doc>Returns the text value of the element identified by ``locator``.</doc>
<arguments>
<arg>(//div[@class='_30jeq3 _1_WHN1'])[${F}]</arg>
</arguments>
<assign>
<var>${price_text}</var>
</assign>
<msg timestamp="20210109 14:03:50.805" level="INFO">${price_text} = ₹49,999</msg>
<status status="PASS" starttime="20210109 14:03:48.758" endtime="20210109 14:03:50.805"></status>
</kw>
<kw name="Get Text" library="SeleniumLibrary">
<doc>Returns the text value of the element identified by ``locator``.</doc>
<arguments>
<arg>(//a[@class='_1fQZEK'])[${F}]</arg>
</arguments>
<assign>
<var>${link_text}</var>
</assign>
<msg timestamp="20210109 14:03:52.872" level="INFO">${link_text} = Add to Compare
Samsung Galaxy S20 FE (Cloud Navy, 128 GB)
4.3111 Ratings &amp; 20 Reviews
8 GB RAM | 128 GB ROM | Expandable Upto 1 TB
16.51 cm (6.5 inch) Full HD+ Display
12MP + 12MP + 8MP Rear Camera | ...</msg>
<status status="PASS" starttime="20210109 14:03:50.805" endtime="20210109 14:03:52.872"></status>
</kw>
<kw name="Log To Console" library="BuiltIn">
<doc>Logs the given message to the console.</doc>
<arguments>
<arg>Product name-${name_text} Price of Product-${price_text} LinkText-${link_text}</arg>
</arguments>
<status status="PASS" starttime="20210109 14:03:52.872" endtime="20210109 14:03:52.872"></status>
</kw>
<status status="PASS" starttime="20210109 14:03:46.727" endtime="20210109 14:03:52.872"></status>
</kw>
<kw name="${F} = 12" type="foritem">
<kw name="Get Text" library="SeleniumLibrary">
<doc>Returns the text value of the element identified by ``locator``.</doc>
<arguments>
<arg>(//div[@class='_4rR01T'])[${F}]</arg>
</arguments>
<assign>
<var>${name_text}</var>
</assign>
<msg timestamp="20210109 14:03:54.918" level="INFO">${name_text} = Samsung Galaxy S20 FE (Cloud Red, 128 GB)</msg>
<status status="PASS" starttime="20210109 14:03:52.872" endtime="20210109 14:03:54.918"></status>
</kw>
<kw name="Get Text" library="SeleniumLibrary">
<doc>Returns the text value of the element identified by ``locator``.</doc>
<arguments>
<arg>(//div[@class='_30jeq3 _1_WHN1'])[${F}]</arg>
</arguments>
<assign>
<var>${price_text}</var>
</assign>
<msg timestamp="20210109 14:03:56.952" level="INFO">${price_text} = ₹49,999</msg>
<status status="PASS" starttime="20210109 14:03:54.918" endtime="20210109 14:03:56.952"></status>
</kw>
<kw name="Get Text" library="SeleniumLibrary">
<doc>Returns the text value of the element identified by ``locator``.</doc>
<arguments>
<arg>(//a[@class='_1fQZEK'])[${F}]</arg>
</arguments>
<assign>
<var>${link_text}</var>
</assign>
<msg timestamp="20210109 14:03:59.030" level="INFO">${link_text} = Add to Compare
Samsung Galaxy S20 FE (Cloud Red, 128 GB)
4.3111 Ratings &amp; 20 Reviews
8 GB RAM | 128 GB ROM | Expandable Upto 1 TB
16.51 cm (6.5 inch) Full HD+ Display
12MP + 12MP + 8MP Rear Camera | 3...</msg>
<status status="PASS" starttime="20210109 14:03:56.952" endtime="20210109 14:03:59.030"></status>
</kw>
<kw name="Log To Console" library="BuiltIn">
<doc>Logs the given message to the console.</doc>
<arguments>
<arg>Product name-${name_text} Price of Product-${price_text} LinkText-${link_text}</arg>
</arguments>
<status status="PASS" starttime="20210109 14:03:59.030" endtime="20210109 14:03:59.030"></status>
</kw>
<status status="PASS" starttime="20210109 14:03:52.872" endtime="20210109 14:03:59.030"></status>
</kw>
<kw name="${F} = 13" type="foritem">
<kw name="Get Text" library="SeleniumLibrary">
<doc>Returns the text value of the element identified by ``locator``.</doc>
<arguments>
<arg>(//div[@class='_4rR01T'])[${F}]</arg>
</arguments>
<assign>
<var>${name_text}</var>
</assign>
<msg timestamp="20210109 14:04:01.060" level="INFO">${name_text} = Samsung Galaxy S20 FE (Cloud Mint, 128 GB)</msg>
<status status="PASS" starttime="20210109 14:03:59.030" endtime="20210109 14:04:01.060"></status>
</kw>
<kw name="Get Text" library="SeleniumLibrary">
<doc>Returns the text value of the element identified by ``locator``.</doc>
<arguments>
<arg>(//div[@class='_30jeq3 _1_WHN1'])[${F}]</arg>
</arguments>
<assign>
<var>${price_text}</var>
</assign>
<msg timestamp="20210109 14:04:03.122" level="INFO">${price_text} = ₹49,999</msg>
<status status="PASS" starttime="20210109 14:04:01.060" endtime="20210109 14:04:03.122"></status>
</kw>
<kw name="Get Text" library="SeleniumLibrary">
<doc>Returns the text value of the element identified by ``locator``.</doc>
<arguments>
<arg>(//a[@class='_1fQZEK'])[${F}]</arg>
</arguments>
<assign>
<var>${link_text}</var>
</assign>
<msg timestamp="20210109 14:04:05.198" level="INFO">${link_text} = Add to Compare
Samsung Galaxy S20 FE (Cloud Mint, 128 GB)
4.3111 Ratings &amp; 20 Reviews
8 GB RAM | 128 GB ROM | Expandable Upto 1 TB
16.51 cm (6.5 inch) Full HD+ Display
12MP + 12MP + 8MP Rear Camera | ...</msg>
<status status="PASS" starttime="20210109 14:04:03.122" endtime="20210109 14:04:05.198"></status>
</kw>
<kw name="Log To Console" library="BuiltIn">
<doc>Logs the given message to the console.</doc>
<arguments>
<arg>Product name-${name_text} Price of Product-${price_text} LinkText-${link_text}</arg>
</arguments>
<status status="PASS" starttime="20210109 14:04:05.198" endtime="20210109 14:04:05.198"></status>
</kw>
<status status="PASS" starttime="20210109 14:03:59.030" endtime="20210109 14:04:05.198"></status>
</kw>
<kw name="${F} = 14" type="foritem">
<kw name="Get Text" library="SeleniumLibrary">
<doc>Returns the text value of the element identified by ``locator``.</doc>
<arguments>
<arg>(//div[@class='_4rR01T'])[${F}]</arg>
</arguments>
<assign>
<var>${name_text}</var>
</assign>
<msg timestamp="20210109 14:04:07.229" level="INFO">${name_text} = Samsung Galaxy S20 FE (Cloud Lavender, 128 GB)</msg>
<status status="PASS" starttime="20210109 14:04:05.198" endtime="20210109 14:04:07.229"></status>
</kw>
<kw name="Get Text" library="SeleniumLibrary">
<doc>Returns the text value of the element identified by ``locator``.</doc>
<arguments>
<arg>(//div[@class='_30jeq3 _1_WHN1'])[${F}]</arg>
</arguments>
<assign>
<var>${price_text}</var>
</assign>
<msg timestamp="20210109 14:04:09.290" level="INFO">${price_text} = ₹49,999</msg>
<status status="PASS" starttime="20210109 14:04:07.229" endtime="20210109 14:04:09.290"></status>
</kw>
<kw name="Get Text" library="SeleniumLibrary">
<doc>Returns the text value of the element identified by ``locator``.</doc>
<arguments>
<arg>(//a[@class='_1fQZEK'])[${F}]</arg>
</arguments>
<assign>
<var>${link_text}</var>
</assign>
<msg timestamp="20210109 14:04:11.368" level="INFO">${link_text} = Add to Compare
Samsung Galaxy S20 FE (Cloud Lavender, 128 GB)
4.3111 Ratings &amp; 20 Reviews
8 GB RAM | 128 GB ROM | Expandable Upto 1 TB
16.51 cm (6.5 inch) Full HD+ Display
12MP + 12MP + 8MP Rear Camer...</msg>
<status status="PASS" starttime="20210109 14:04:09.290" endtime="20210109 14:04:11.368"></status>
</kw>
<kw name="Log To Console" library="BuiltIn">
<doc>Logs the given message to the console.</doc>
<arguments>
<arg>Product name-${name_text} Price of Product-${price_text} LinkText-${link_text}</arg>
</arguments>
<status status="PASS" starttime="20210109 14:04:11.368" endtime="20210109 14:04:11.368"></status>
</kw>
<status status="PASS" starttime="20210109 14:04:05.198" endtime="20210109 14:04:11.368"></status>
</kw>
<kw name="${F} = 15" type="foritem">
<kw name="Get Text" library="SeleniumLibrary">
<doc>Returns the text value of the element identified by ``locator``.</doc>
<arguments>
<arg>(//div[@class='_4rR01T'])[${F}]</arg>
</arguments>
<assign>
<var>${name_text}</var>
</assign>
<msg timestamp="20210109 14:04:13.403" level="INFO">${name_text} = Samsung Galaxy S20 FE (Cloud White, 128 GB)</msg>
<status status="PASS" starttime="20210109 14:04:11.368" endtime="20210109 14:04:13.403"></status>
</kw>
<kw name="Get Text" library="SeleniumLibrary">
<doc>Returns the text value of the element identified by ``locator``.</doc>
<arguments>
<arg>(//div[@class='_30jeq3 _1_WHN1'])[${F}]</arg>
</arguments>
<assign>
<var>${price_text}</var>
</assign>
<msg timestamp="20210109 14:04:15.432" level="INFO">${price_text} = ₹49,999</msg>
<status status="PASS" starttime="20210109 14:04:13.403" endtime="20210109 14:04:15.432"></status>
</kw>
<kw name="Get Text" library="SeleniumLibrary">
<doc>Returns the text value of the element identified by ``locator``.</doc>
<arguments>
<arg>(//a[@class='_1fQZEK'])[${F}]</arg>
</arguments>
<assign>
<var>${link_text}</var>
</assign>
<msg timestamp="20210109 14:04:17.500" level="INFO">${link_text} = Add to Compare
Samsung Galaxy S20 FE (Cloud White, 128 GB)
4.3111 Ratings &amp; 20 Reviews
8 GB RAM | 128 GB ROM | Expandable Upto 1 TB
16.51 cm (6.5 inch) Full HD+ Display
12MP + 12MP + 8MP Rear Camera |...</msg>
<status status="PASS" starttime="20210109 14:04:15.432" endtime="20210109 14:04:17.500"></status>
</kw>
<kw name="Log To Console" library="BuiltIn">
<doc>Logs the given message to the console.</doc>
<arguments>
<arg>Product name-${name_text} Price of Product-${price_text} LinkText-${link_text}</arg>
</arguments>
<status status="PASS" starttime="20210109 14:04:17.500" endtime="20210109 14:04:17.500"></status>
</kw>
<status status="PASS" starttime="20210109 14:04:11.368" endtime="20210109 14:04:17.500"></status>
</kw>
<kw name="${F} = 16" type="foritem">
<kw name="Get Text" library="SeleniumLibrary">
<doc>Returns the text value of the element identified by ``locator``.</doc>
<arguments>
<arg>(//div[@class='_4rR01T'])[${F}]</arg>
</arguments>
<assign>
<var>${name_text}</var>
</assign>
<msg timestamp="20210109 14:04:19.544" level="INFO">${name_text} = Samsung Galaxy S10 Lite (Prism Blue, 512 GB)</msg>
<status status="PASS" starttime="20210109 14:04:17.500" endtime="20210109 14:04:19.544"></status>
</kw>
<kw name="Get Text" library="SeleniumLibrary">
<doc>Returns the text value of the element identified by ``locator``.</doc>
<arguments>
<arg>(//div[@class='_30jeq3 _1_WHN1'])[${F}]</arg>
</arguments>
<assign>
<var>${price_text}</var>
</assign>
<msg timestamp="20210109 14:04:21.590" level="INFO">${price_text} = ₹45,999</msg>
<status status="PASS" starttime="20210109 14:04:19.544" endtime="20210109 14:04:21.590"></status>
</kw>
<kw name="Get Text" library="SeleniumLibrary">
<doc>Returns the text value of the element identified by ``locator``.</doc>
<arguments>
<arg>(//a[@class='_1fQZEK'])[${F}]</arg>
</arguments>
<assign>
<var>${link_text}</var>
</assign>
<msg timestamp="20210109 14:04:23.672" level="INFO">${link_text} = Add to Compare
Samsung Galaxy S10 Lite (Prism Blue, 512 GB)
4.512,307 Ratings &amp; 3,011 Reviews
8 GB RAM | 512 GB ROM | Expandable Upto 1 TB
17.02 cm (6.7 inch) Full HD+ Display
48MP + 12MP + 5MP | 32MP...</msg>
<status status="PASS" starttime="20210109 14:04:21.590" endtime="20210109 14:04:23.672"></status>
</kw>
<kw name="Log To Console" library="BuiltIn">
<doc>Logs the given message to the console.</doc>
<arguments>
<arg>Product name-${name_text} Price of Product-${price_text} LinkText-${link_text}</arg>
</arguments>
<status status="PASS" starttime="20210109 14:04:23.672" endtime="20210109 14:04:23.672"></status>
</kw>
<status status="PASS" starttime="20210109 14:04:17.500" endtime="20210109 14:04:23.672"></status>
</kw>
<kw name="${F} = 17" type="foritem">
<kw name="Get Text" library="SeleniumLibrary">
<doc>Returns the text value of the element identified by ``locator``.</doc>
<arguments>
<arg>(//div[@class='_4rR01T'])[${F}]</arg>
</arguments>
<assign>
<var>${name_text}</var>
</assign>
<msg timestamp="20210109 14:04:25.719" level="INFO">${name_text} = Samsung Galaxy S10 Lite (Prism Black, 512 GB)</msg>
<status status="PASS" starttime="20210109 14:04:23.672" endtime="20210109 14:04:25.719"></status>
</kw>
<kw name="Get Text" library="SeleniumLibrary">
<doc>Returns the text value of the element identified by ``locator``.</doc>
<arguments>
<arg>(//div[@class='_30jeq3 _1_WHN1'])[${F}]</arg>
</arguments>
<assign>
<var>${price_text}</var>
</assign>
<msg timestamp="20210109 14:04:27.755" level="INFO">${price_text} = ₹45,999</msg>
<status status="PASS" starttime="20210109 14:04:25.719" endtime="20210109 14:04:27.755"></status>
</kw>
<kw name="Get Text" library="SeleniumLibrary">
<doc>Returns the text value of the element identified by ``locator``.</doc>
<arguments>
<arg>(//a[@class='_1fQZEK'])[${F}]</arg>
</arguments>
<assign>
<var>${link_text}</var>
</assign>
<msg timestamp="20210109 14:04:29.801" level="INFO">${link_text} = Add to Compare
Samsung Galaxy S10 Lite (Prism Black, 512 GB)
4.512,307 Ratings &amp; 3,011 Reviews
8 GB RAM | 512 GB ROM | Expandable Upto 1 TB
17.02 cm (6.7 inch) Full HD+ Display
48MP + 12MP + 5MP | 32M...</msg>
<status status="PASS" starttime="20210109 14:04:27.755" endtime="20210109 14:04:29.801"></status>
</kw>
<kw name="Log To Console" library="BuiltIn">
<doc>Logs the given message to the console.</doc>
<arguments>
<arg>Product name-${name_text} Price of Product-${price_text} LinkText-${link_text}</arg>
</arguments>
<status status="PASS" starttime="20210109 14:04:29.801" endtime="20210109 14:04:29.801"></status>
</kw>
<status status="PASS" starttime="20210109 14:04:23.672" endtime="20210109 14:04:29.801"></status>
</kw>
<kw name="${F} = 18" type="foritem">
<kw name="Get Text" library="SeleniumLibrary">
<doc>Returns the text value of the element identified by ``locator``.</doc>
<arguments>
<arg>(//div[@class='_4rR01T'])[${F}]</arg>
</arguments>
<assign>
<var>${name_text}</var>
</assign>
<msg timestamp="20210109 14:04:31.832" level="INFO">${name_text} = Samsung Galaxy S10 Lite (Prism White, 512 GB)</msg>
<status status="PASS" starttime="20210109 14:04:29.801" endtime="20210109 14:04:31.832"></status>
</kw>
<kw name="Get Text" library="SeleniumLibrary">
<doc>Returns the text value of the element identified by ``locator``.</doc>
<arguments>
<arg>(//div[@class='_30jeq3 _1_WHN1'])[${F}]</arg>
</arguments>
<assign>
<var>${price_text}</var>
</assign>
<msg timestamp="20210109 14:04:33.872" level="INFO">${price_text} = ₹43,999</msg>
<status status="PASS" starttime="20210109 14:04:31.832" endtime="20210109 14:04:33.872"></status>
</kw>
<kw name="Get Text" library="SeleniumLibrary">
<doc>Returns the text value of the element identified by ``locator``.</doc>
<arguments>
<arg>(//a[@class='_1fQZEK'])[${F}]</arg>
</arguments>
<assign>
<var>${link_text}</var>
</assign>
<msg timestamp="20210109 14:04:35.938" level="INFO">${link_text} = Add to Compare
Samsung Galaxy S10 Lite (Prism White, 512 GB)
4.512,307 Ratings &amp; 3,011 Reviews
8 GB RAM | 512 GB ROM | Expandable Upto 1 TB
17.02 cm (6.7 inch) Full HD+ Display
48MP + 12MP + 5MP | 32M...</msg>
<status status="PASS" starttime="20210109 14:04:33.872" endtime="20210109 14:04:35.938"></status>
</kw>
<kw name="Log To Console" library="BuiltIn">
<doc>Logs the given message to the console.</doc>
<arguments>
<arg>Product name-${name_text} Price of Product-${price_text} LinkText-${link_text}</arg>
</arguments>
<status status="PASS" starttime="20210109 14:04:35.938" endtime="20210109 14:04:35.938"></status>
</kw>
<status status="PASS" starttime="20210109 14:04:29.801" endtime="20210109 14:04:35.938"></status>
</kw>
<kw name="${F} = 19" type="foritem">
<kw name="Get Text" library="SeleniumLibrary">
<doc>Returns the text value of the element identified by ``locator``.</doc>
<arguments>
<arg>(//div[@class='_4rR01T'])[${F}]</arg>
</arguments>
<assign>
<var>${name_text}</var>
</assign>
<msg timestamp="20210109 14:04:37.963" level="INFO">${name_text} = Samsung Galaxy S10 Lite (Prism Black, 128 GB)</msg>
<status status="PASS" starttime="20210109 14:04:35.938" endtime="20210109 14:04:37.963"></status>
</kw>
<kw name="Get Text" library="SeleniumLibrary">
<doc>Returns the text value of the element identified by ``locator``.</doc>
<arguments>
<arg>(//div[@class='_30jeq3 _1_WHN1'])[${F}]</arg>
</arguments>
<assign>
<var>${price_text}</var>
</assign>
<msg timestamp="20210109 14:04:40.036" level="INFO">${price_text} = ₹40,999</msg>
<status status="PASS" starttime="20210109 14:04:37.963" endtime="20210109 14:04:40.036"></status>
</kw>
<kw name="Get Text" library="SeleniumLibrary">
<doc>Returns the text value of the element identified by ``locator``.</doc>
<arguments>
<arg>(//a[@class='_1fQZEK'])[${F}]</arg>
</arguments>
<assign>
<var>${link_text}</var>
</assign>
<msg timestamp="20210109 14:04:42.103" level="INFO">${link_text} = Add to Compare
Samsung Galaxy S10 Lite (Prism Black, 128 GB)
4.512,307 Ratings &amp; 3,011 Reviews
8 GB RAM | 128 GB ROM | Expandable Upto 1 TB
17.02 cm (6.7 inch) Full HD+ Display
48MP + 12MP + 5MP | 32M...</msg>
<status status="PASS" starttime="20210109 14:04:40.036" endtime="20210109 14:04:42.103"></status>
</kw>
<kw name="Log To Console" library="BuiltIn">
<doc>Logs the given message to the console.</doc>
<arguments>
<arg>Product name-${name_text} Price of Product-${price_text} LinkText-${link_text}</arg>
</arguments>
<status status="PASS" starttime="20210109 14:04:42.103" endtime="20210109 14:04:42.103"></status>
</kw>
<status status="PASS" starttime="20210109 14:04:35.938" endtime="20210109 14:04:42.103"></status>
</kw>
<kw name="${F} = 20" type="foritem">
<kw name="Get Text" library="SeleniumLibrary">
<doc>Returns the text value of the element identified by ``locator``.</doc>
<arguments>
<arg>(//div[@class='_4rR01T'])[${F}]</arg>
</arguments>
<assign>
<var>${name_text}</var>
</assign>
<msg timestamp="20210109 14:04:44.122" level="INFO">${name_text} = Samsung Galaxy S10 Lite (Prism Blue, 128 GB)</msg>
<status status="PASS" starttime="20210109 14:04:42.103" endtime="20210109 14:04:44.122"></status>
</kw>
<kw name="Get Text" library="SeleniumLibrary">
<doc>Returns the text value of the element identified by ``locator``.</doc>
<arguments>
<arg>(//div[@class='_30jeq3 _1_WHN1'])[${F}]</arg>
</arguments>
<assign>
<var>${price_text}</var>
</assign>
<msg timestamp="20210109 14:04:46.168" level="INFO">${price_text} = ₹36,499</msg>
<status status="PASS" starttime="20210109 14:04:44.122" endtime="20210109 14:04:46.168"></status>
</kw>
<kw name="Get Text" library="SeleniumLibrary">
<doc>Returns the text value of the element identified by ``locator``.</doc>
<arguments>
<arg>(//a[@class='_1fQZEK'])[${F}]</arg>
</arguments>
<assign>
<var>${link_text}</var>
</assign>
<msg timestamp="20210109 14:04:48.246" level="INFO">${link_text} = Add to Compare
Samsung Galaxy S10 Lite (Prism Blue, 128 GB)
4.512,307 Ratings &amp; 3,011 Reviews
8 GB RAM | 128 GB ROM | Expandable Upto 1 TB
17.02 cm (6.7 inch) Full HD+ Display
48MP + 12MP + 5MP | 32MP...</msg>
<status status="PASS" starttime="20210109 14:04:46.168" endtime="20210109 14:04:48.246"></status>
</kw>
<kw name="Log To Console" library="BuiltIn">
<doc>Logs the given message to the console.</doc>
<arguments>
<arg>Product name-${name_text} Price of Product-${price_text} LinkText-${link_text}</arg>
</arguments>
<status status="PASS" starttime="20210109 14:04:48.246" endtime="20210109 14:04:48.246"></status>
</kw>
<status status="PASS" starttime="20210109 14:04:42.103" endtime="20210109 14:04:48.246"></status>
</kw>
<kw name="${F} = 21" type="foritem">
<kw name="Get Text" library="SeleniumLibrary">
<doc>Returns the text value of the element identified by ``locator``.</doc>
<arguments>
<arg>(//div[@class='_4rR01T'])[${F}]</arg>
</arguments>
<assign>
<var>${name_text}</var>
</assign>
<msg timestamp="20210109 14:04:50.277" level="INFO">${name_text} = Samsung Galaxy A70s (Prism Crush Red, 128 GB)</msg>
<status status="PASS" starttime="20210109 14:04:48.246" endtime="20210109 14:04:50.277"></status>
</kw>
<kw name="Get Text" library="SeleniumLibrary">
<doc>Returns the text value of the element identified by ``locator``.</doc>
<arguments>
<arg>(//div[@class='_30jeq3 _1_WHN1'])[${F}]</arg>
</arguments>
<assign>
<var>${price_text}</var>
</assign>
<msg timestamp="20210109 14:04:52.339" level="INFO">${price_text} = ₹31,000</msg>
<status status="PASS" starttime="20210109 14:04:50.277" endtime="20210109 14:04:52.339"></status>
</kw>
<kw name="Get Text" library="SeleniumLibrary">
<doc>Returns the text value of the element identified by ``locator``.</doc>
<arguments>
<arg>(//a[@class='_1fQZEK'])[${F}]</arg>
</arguments>
<assign>
<var>${link_text}</var>
</assign>
<msg timestamp="20210109 14:04:54.402" level="INFO">${link_text} = Add to Compare
Samsung Galaxy A70s (Prism Crush Red, 128 GB)
4.34,031 Ratings &amp; 396 Reviews
6 GB RAM | 128 GB ROM | Expandable Upto 512 GB
17.02 cm (6.7 inch) Full HD+ Display
64MP + 5MP + 8MP | 32MP ...</msg>
<status status="PASS" starttime="20210109 14:04:52.339" endtime="20210109 14:04:54.402"></status>
</kw>
<kw name="Log To Console" library="BuiltIn">
<doc>Logs the given message to the console.</doc>
<arguments>
<arg>Product name-${name_text} Price of Product-${price_text} LinkText-${link_text}</arg>
</arguments>
<status status="PASS" starttime="20210109 14:04:54.402" endtime="20210109 14:04:54.402"></status>
</kw>
<status status="PASS" starttime="20210109 14:04:48.246" endtime="20210109 14:04:54.402"></status>
</kw>
<kw name="${F} = 22" type="foritem">
<kw name="Get Text" library="SeleniumLibrary">
<doc>Returns the text value of the element identified by ``locator``.</doc>
<arguments>
<arg>(//div[@class='_4rR01T'])[${F}]</arg>
</arguments>
<assign>
<var>${name_text}</var>
</assign>
<msg timestamp="20210109 14:04:56.433" level="INFO">${name_text} = Samsung Galaxy A70s (Prism Crush Black, 128 GB)</msg>
<status status="PASS" starttime="20210109 14:04:54.402" endtime="20210109 14:04:56.433"></status>
</kw>
<kw name="Get Text" library="SeleniumLibrary">
<doc>Returns the text value of the element identified by ``locator``.</doc>
<arguments>
<arg>(//div[@class='_30jeq3 _1_WHN1'])[${F}]</arg>
</arguments>
<assign>
<var>${price_text}</var>
</assign>
<msg timestamp="20210109 14:04:58.442" level="INFO">${price_text} = ₹31,000</msg>
<status status="PASS" starttime="20210109 14:04:56.433" endtime="20210109 14:04:58.442"></status>
</kw>
<kw name="Get Text" library="SeleniumLibrary">
<doc>Returns the text value of the element identified by ``locator``.</doc>
<arguments>
<arg>(//a[@class='_1fQZEK'])[${F}]</arg>
</arguments>
<assign>
<var>${link_text}</var>
</assign>
<msg timestamp="20210109 14:05:00.519" level="INFO">${link_text} = Add to Compare
Samsung Galaxy A70s (Prism Crush Black, 128 GB)
4.34,031 Ratings &amp; 396 Reviews
6 GB RAM | 128 GB ROM | Expandable Upto 512 GB
17.02 cm (6.7 inch) Full HD+ Display
64MP + 5MP + 8MP | 32M...</msg>
<status status="PASS" starttime="20210109 14:04:58.442" endtime="20210109 14:05:00.519"></status>
</kw>
<kw name="Log To Console" library="BuiltIn">
<doc>Logs the given message to the console.</doc>
<arguments>
<arg>Product name-${name_text} Price of Product-${price_text} LinkText-${link_text}</arg>
</arguments>
<status status="PASS" starttime="20210109 14:05:00.519" endtime="20210109 14:05:00.519"></status>
</kw>
<status status="PASS" starttime="20210109 14:04:54.402" endtime="20210109 14:05:00.519"></status>
</kw>
<kw name="${F} = 23" type="foritem">
<kw name="Get Text" library="SeleniumLibrary">
<doc>Returns the text value of the element identified by ``locator``.</doc>
<arguments>
<arg>(//div[@class='_4rR01T'])[${F}]</arg>
</arguments>
<assign>
<var>${name_text}</var>
</assign>
<msg timestamp="20210109 14:05:02.527" level="INFO">${name_text} = Samsung Galaxy A70s (Prism Crush White, 128 GB)</msg>
<status status="PASS" starttime="20210109 14:05:00.519" endtime="20210109 14:05:02.527"></status>
</kw>
<kw name="Get Text" library="SeleniumLibrary">
<doc>Returns the text value of the element identified by ``locator``.</doc>
<arguments>
<arg>(//div[@class='_30jeq3 _1_WHN1'])[${F}]</arg>
</arguments>
<assign>
<var>${price_text}</var>
</assign>
<msg timestamp="20210109 14:05:04.573" level="INFO">${price_text} = ₹31,000</msg>
<status status="PASS" starttime="20210109 14:05:02.527" endtime="20210109 14:05:04.573"></status>
</kw>
<kw name="Get Text" library="SeleniumLibrary">
<doc>Returns the text value of the element identified by ``locator``.</doc>
<arguments>
<arg>(//a[@class='_1fQZEK'])[${F}]</arg>
</arguments>
<assign>
<var>${link_text}</var>
</assign>
<msg timestamp="20210109 14:05:06.635" level="INFO">${link_text} = Add to Compare
Samsung Galaxy A70s (Prism Crush White, 128 GB)
4.34,031 Ratings &amp; 396 Reviews
6 GB RAM | 128 GB ROM | Expandable Upto 512 GB
17.02 cm (6.7 inch) Full HD+ Display
64MP + 5MP + 8MP | 32M...</msg>
<status status="PASS" starttime="20210109 14:05:04.573" endtime="20210109 14:05:06.635"></status>
</kw>
<kw name="Log To Console" library="BuiltIn">
<doc>Logs the given message to the console.</doc>
<arguments>
<arg>Product name-${name_text} Price of Product-${price_text} LinkText-${link_text}</arg>
</arguments>
<status status="PASS" starttime="20210109 14:05:06.635" endtime="20210109 14:05:06.635"></status>
</kw>
<status status="PASS" starttime="20210109 14:05:00.519" endtime="20210109 14:05:06.635"></status>
</kw>
<kw name="${F} = 24" type="foritem">
<kw name="Get Text" library="SeleniumLibrary">
<doc>Returns the text value of the element identified by ``locator``.</doc>
<arguments>
<arg>(//div[@class='_4rR01T'])[${F}]</arg>
</arguments>
<assign>
<var>${name_text}</var>
</assign>
<msg timestamp="20210109 14:05:08.664" level="INFO">${name_text} = Samsung Galaxy A70s (Prism Crush White, 128 GB)</msg>
<status status="PASS" starttime="20210109 14:05:06.635" endtime="20210109 14:05:08.664"></status>
</kw>
<kw name="Get Text" library="SeleniumLibrary">
<doc>Returns the text value of the element identified by ``locator``.</doc>
<arguments>
<arg>(//div[@class='_30jeq3 _1_WHN1'])[${F}]</arg>
</arguments>
<assign>
<var>${price_text}</var>
</assign>
<msg timestamp="20210109 14:05:10.695" level="INFO">${price_text} = ₹25,999</msg>
<status status="PASS" starttime="20210109 14:05:08.664" endtime="20210109 14:05:10.695"></status>
</kw>
<kw name="Get Text" library="SeleniumLibrary">
<doc>Returns the text value of the element identified by ``locator``.</doc>
<arguments>
<arg>(//a[@class='_1fQZEK'])[${F}]</arg>
</arguments>
<assign>
<var>${link_text}</var>
</assign>
<msg timestamp="20210109 14:05:12.772" level="INFO">${link_text} = Add to Compare
Samsung Galaxy A70s (Prism Crush White, 128 GB)
4.41,001 Ratings &amp; 112 Reviews
8 GB RAM | 128 GB ROM | Expandable Upto 512 GB
17.02 cm (6.7 inch) Full HD+ Display
64MP + 5MP + 8MP | 32M...</msg>
<status status="PASS" starttime="20210109 14:05:10.695" endtime="20210109 14:05:12.772"></status>
</kw>
<kw name="Log To Console" library="BuiltIn">
<doc>Logs the given message to the console.</doc>
<arguments>
<arg>Product name-${name_text} Price of Product-${price_text} LinkText-${link_text}</arg>
</arguments>
<status status="PASS" starttime="20210109 14:05:12.772" endtime="20210109 14:05:12.772"></status>
</kw>
<status status="PASS" starttime="20210109 14:05:06.635" endtime="20210109 14:05:12.772"></status>
</kw>
<status status="PASS" starttime="20210109 14:02:45.101" endtime="20210109 14:05:12.772"></status>
</kw>
<kw name="Close Browser" library="SeleniumLibrary" type="teardown">
<doc>Closes the current browser.</doc>
<status status="PASS" starttime="20210109 14:05:12.772" endtime="20210109 14:05:15.833"></status>
</kw>
<status status="PASS" starttime="20210109 14:02:12.697" endtime="20210109 14:05:15.833" critical="yes"></status>
</test>
<status status="PASS" starttime="20210109 14:02:12.509" endtime="20210109 14:05:15.833"></status>
</suite>
<statistics>
<total>
<stat pass="1" fail="0">Critical Tests</stat>
<stat pass="1" fail="0">All Tests</stat>
</total>
<tag>
</tag>
<suite>
<stat pass="1" fail="0" id="s1" name="Flipkart test">Flipkart test</stat>
</suite>
</statistics>
<errors>
</errors>
</robot>
